ОТЛАДКА - Подключил вывод отладочного лога в отдельный файл C:/Users/daneliya.n/ProjConf/logs/lockrepo/logs_lockrepo.log
ОТЛАДКА - Заданы ПараметрыКоманды Да
ОТЛАДКА - ИспользоватьВременнуюБазу Нет
ОТЛАДКА - Разрядность платформы 1С указана %1
ИНФОРМАЦИЯ - Выполняю обновление конфигурации из хранилища
ИНФОРМАЦИЯ - ---- Начало операции с хранилищем конфигурации ----
---- Операция с хранилищем конфигурации завершена ----
Обновление конфигурации из хранилища успешно завершено

ИНФОРМАЦИЯ - Обновление конфигурации из хранилища завершено
ИНФОРМАЦИЯ - Выполняю захват объектов в хранилище
ИНФОРМАЦИЯ - Захват объектов завершен
ОТЛАДКА - Подключил вывод отладочного лога в отдельный файл C:/Users/daneliya.n/ProjConf/logs/lockrepo/logs_lockrepo.log
ОТЛАДКА - Заданы ПараметрыКоманды Да
ОТЛАДКА - ИспользоватьВременнуюБазу Нет
ОТЛАДКА - Разрядность платформы 1С указана %1
ИНФОРМАЦИЯ - Выполняю обновление конфигурации из хранилища
ИНФОРМАЦИЯ - ---- Начало операции с хранилищем конфигурации ----
Объект получен из хранилища: ОбщийМодуль.toledo_ЗапасыСервер
---- Операция с хранилищем конфигурации завершена ----
Обновление конфигурации из хранилища успешно завершено

ИНФОРМАЦИЯ - Обновление конфигурации из хранилища завершено
ИНФОРМАЦИЯ - Выполняю захват объектов в хранилище
ИНФОРМАЦИЯ - Захват объектов завершен
ОТЛАДКА - Подключил вывод отладочного лога в отдельный файл C:/Users/daneliya.n/ProjConf/logs/lockrepo/logs_lockrepo.log
ОТЛАДКА - Заданы ПараметрыКоманды Да
ОТЛАДКА - ИспользоватьВременнуюБазу Нет
ОТЛАДКА - Разрядность платформы 1С указана %1
ИНФОРМАЦИЯ - Выполняю обновление конфигурации из хранилища
ИНФОРМАЦИЯ - ---- Начало операции с хранилищем конфигурации ----
Для выполнения операции требуется получение объектов:
	Роль.toledo_КорректировкаСпособаДоставкиВнутреннегоЗаказаБезОграничений
	РегламентноеЗадание.toledo_АвтоматическоеФормированиеЗаказовПоставщикам
	Роль.toledo_ДобавлениеИзменениеПричинОтказаОтЭДО
	Перечисление.toledo_СпособыДоставкиМимоСклада
	РегламентноеЗадание.toledo_СозданиеНеисполненныхЗаявок
	Справочник.toledo_ПричиныОтказаОтЭДО
	ОбщаяКартинка.toledo_Скидки
	РегламентноеЗадание.toledo_ОповещениеОСписанииНачисленииБонусныхБаллов
	Отчет.toledo_ДоступныеСкидкиНаценки
	Отчет.toledo_ДоступныеСкидкиНаценки.Макет.ОсновнаяСхемаКомпоновкиДанных
	Документ.LAD_КорректировкаРезервовТоваров.Макет.РасшифровкаШтрафаЗаПлатноеХранение
---- Операция с хранилищем конфигурации отменена ----
---- Начало операции с хранилищем конфигурации ----
Объект удален из конфигурации: Обработка.LAD_СозданиеРКОНаВыплатуПоБонуснойПрограмме
Объект удален из конфигурации: Обработка.LAD_СозданиеРКОНаВыплатуПоБонуснойПрограмме.Форма.Форма
Объект получен из хранилища: Справочник.СтруктураПредприятия
Объект получен из хранилища: Справочник.СоглашенияСПоставщиками
Объект получен из хранилища: Роль.CRM_ДобавлениеИзменениеБазовойНСИ
Объект получен из хранилища: Роль.LAD_МенеджерПоЗакупкам
Объект получен из хранилища: Роль.toledo_БазовыеПрава
Объект получен из хранилища: Справочник.ВидыНоменклатуры.Форма.ФормаЭлемента
Объект получен из хранилища: Документ.toledo_ПроектДоговора
Объект получен из хранилища: Отчет.toledo_ДолгиПоНакладным.Макет.ОсновнаяСхемаКомпоновкиДанных
Объект получен из хранилища: Документ.ЗаказКлиента
Объект получен из хранилища: Документ.toledo_ЗапросЦеныСрока
Объект получен из хранилища: Роль.LAD_НачальникПроектногоОтдела
Объект получен из хранилища: Документ.toledo_ЗаявкаНаВыдачуТовараСамовывозом
Объект получен из хранилища: Обработка.toledo_ЗагрузкаОстатковИзWMS.Форма.Форма
Объект получен из хранилища: Отчет.toledo_ВедомостьПоРезервамНаСкладах.Макет.ОсновнаяСхемаКомпоновкиДанных
Объект получен из хранилища: Справочник.Номенклатура.Форма.ФормаЭлемента
Объект получен из хранилища: Обработка.toledo_РасчетДефицита.Макет.РасчетДефицита
Объект получен из хранилища: Обработка.toledo_РасчетДефицита
Объект получен из хранилища: ОбщийМодуль.toledo_РегламентныеЗадания
Объект получен из хранилища: Документ.CRM_Интерес.Форма.ФормаДокумента
Объект получен из хранилища: ОбщийМодуль.toledo_СбросНаСкладРеализацииТоваровУслугСервер
Объект получен из хранилища: Обработка.toledo_ВедомостьПоПлатнойДоставке
Объект получен из хранилища: Отчет.toledo_ДоступныеСкидкиНаценки
Объект получен из хранилища: Справочник.ЗаявлениеОНазначенииПенсии.Форма.ФормаЭлемента
Объект получен из хранилища: Документ.toledo_ЗаявкаНаДоставку.Форма.ФормаСписка
Объект получен из хранилища: Роль.НастройкаНСИ
Объект получен из хранилища: Роль.LAD_БонусыРТУ
Объект получен из хранилища: Обработка.CRM_НачалоРаботыСПрограммой.Форма.Форма
Объект получен из хранилища: ОбщийМодуль.toledo_РезервированиеТоваровСервер
Объект получен из хранилища: ПланВидовХарактеристик.toledo_ПредопределенныеКлассификаторы
Объект получен из хранилища: Роль.LAD_ЗамНачПродаж
Объект получен из хранилища: Справочник.CRM_ШаблоныОбъектов.Форма.ФормаВыбора
Объект получен из хранилища: Отчет.toledo_СравнениеКлассовНоменклатуры.Макет.ОсновнаяСхемаКомпоновкиДанных
Объект получен из хранилища: ОбщийМодуль.ОтправкаSMSЧерезМТС_Маркетолог
Объект получен из хранилища: Подсистема.toledo_Доработки
Объект получен из хранилища: Документ.LAD_КорректировкаРезервовТоваров.Форма.ФормаДокумента
Объект получен из хранилища: Обработка.ПредпросмотрЧека.Форма.Форма_Стар
Объект получен из хранилища: Обработка.CRM_РаботаСМессенджеромВКонтакте.Форма.ФормаНастройки
Объект получен из хранилища: Справочник.LAD_НастройкиСопоставления.Форма.ФормаЭлемента
Объект получен из хранилища: Документ.ВозвратТоваровОтКлиента.Форма.ФормаДокумента
Объект получен из хранилища: Документ.ВозвратТоваровОтКлиента
Объект получен из хранилища: Документ.toledo_ЗаявкаНаДоставку.Форма.ФормаВыбора
Объект получен из хранилища: ОбщийМодуль.ОтчетыУТКлиентПереопределяемый
Объект получен из хранилища: Справочник.Партнеры.Форма.CRM_Модуль_ФормаЭлементаРеквизитыКонтрагента
Объект получен из хранилища: Перечисление.toledo_РолиСкладов
Объект получен из хранилища: Роль.toledo_КорректировкаСпособаДоставкиВнутреннегоЗаказаБезОграничений
Объект получен из хранилища: Справочник.CRM_ШаблоныОбъектов.Форма.ФормаСписка
Объект получен из хранилища: Обработка.CRM_МастерКонвертацииСобытийВИнтересы.Форма.Форма
Объект получен из хранилища: Документ.toledo_Протокол.Форма.ФормаВыбора
Объект получен из хранилища: Роль.сфпУправлениеМаршрутизацией
Объект получен из хранилища: Документ.ПриобретениеТоваровУслуг
Объект получен из хранилища: Роль.toledo_РедактированиеКлассаАВСНоменклатуры
Объект получен из хранилища: Справочник.БанковскиеСчетаОрганизаций.Форма.ФормаЭлемента
Объект получен из хранилища: РегистрСведений.ЦеныНоменклатуры
Объект получен из хранилища: Документ.LAD_КорректировкаРезервовТоваров
Объект получен из хранилища: Роль.ЧтениеЦенНоменклатуры
Объект получен из хранилища: РегистрНакопления.РасчетыСКлиентами
Объект получен из хранилища: Документ.ВозвратТоваровПоставщику.Форма.ФормаДокумента
Объект получен из хранилища: Справочник.Партнеры
Объект получен из хранилища: Справочник.СоглашенияСКлиентами
Объект получен из хранилища: ОбщийМодуль.toledo_СкладСервер
Объект получен из хранилища: ОбщийМодуль.toledo_ДоставкаСервер
Объект получен из хранилища: Роль.Lad_ОстаткиПоВнутреннимЗаказамОтчет
Объект получен из хранилища: Справочник.ДоговорыКонтрагентов
Объект получен из хранилища: ОбщийМодуль.СкидкиНаценкиСервер
Объект получен из хранилища: Роль.LAD_ЗамНачПродажОгр
Объект получен из хранилища: Документ.toledo_ЗаявкаНаРазгрузкуПогрузку
Объект получен из хранилища: Справочник.СтруктураПредприятия.Форма.CRM_Модуль_ФормаЭлемента
Объект получен из хранилища: Роль.toledo_ЧтениеОтветовНаЗапрос
Объект получен из хранилища: ОбщийМодуль.toledo_ВзаиморасчетыСервер
Объект получен из хранилища: Роль.CRM_ИмпортИзФайлов
Объект получен из хранилища: Документ.РеализацияТоваровУслуг.Форма.ФормаДокумента
Объект получен из хранилища: Документ.toledo_КорректировкаВнутреннегоЗаказа.Форма.ФормаДокумента
Объект получен из хранилища: ОбщийМодуль.toledo_КартыЛояльностиСервер
Объект получен из хранилища: Роль.LAD_ПродажиПолныеПрава
Объект получен из хранилища: Роль.toledo_ОтчетыИОбработкиМенеджераПоПродажам
Объект получен из хранилища: Отчет.toledo_РасчетОборачиваемостиТоваров.Макет.ОсновнаяСхемаКомпоновкиДанных
Объект получен из хранилища: ОбщийМодуль.toledo_СкидкиНаценкиСервер
Объект получен из хранилища: Документ.toledo_ЗаявкаНаДоставку.Форма.ФормаДокумента
Объект получен из хранилища: ОбщийМодуль.LAD_ОбщийМодульСервер
Объект получен из хранилища: Обработка.КлиентБанк.Форма.ВыгрузкаВБанк
Объект получен из хранилища: Роль.LAD_iTSАдминистратор
Объект получен из хранилища: Обработка.toledo_ВедомостьПоПлатнойДоставке.Макет.ВедомостьПоПлатнойДоставке
Объект получен из хранилища: КомплекснаяАвтоматизация
Объект получен из хранилища: Документ.СборкаТоваров
Объект получен из хранилища: Роль.LAD_МенеджерПоПроектам
Объект получен из хранилища: Роль.ИспользованиеПодключаемогоОборудования
Объект получен из хранилища: Справочник.ГруппыПользователей
Объект получен из хранилища: Отчет.toledo_ГрафикиРаботПоПротоколам.Форма.ФормаОтчета
Объект получен из хранилища: WebСервис.toledo_ITS
Объект получен из хранилища: Документ.toledo_ПроектДоговора.Форма.ФормаДокумента
Объект получен из хранилища: ОбщийМодуль.toledo_ПродажиСервер
Объект получен из хранилища: Роль.LAD_ИнженерСветотехник
Объект получен из хранилища: Роль.LAD_Оповещения
Объект получен из хранилища: ОбщийМодуль.toledo_ПотребностиОтсутствующийТоварСервер
Объект получен из хранилища: Роль.CRM_БазовыеПрава
Объект получен из хранилища: ОбщийМодуль.ПодборТоваровСервер
Объект получен из хранилища: Документ.ЭлектронноеПисьмоИсходящее.Форма.CRM_ФормаДокумента
Объект получен из хранилища: Обработка.toledo_ЗагрузкаДанныхИзExcel.Форма.Форма
Объект получен из хранилища: Роль.ЧтениеИнформацииПоПартнерам
Объект получен из хранилища: РегламентноеЗадание.toledo_АвтоматическоеФормированиеЗаказовПоставщикам
Объект получен из хранилища: Обработка.toledo_ПакетДокументовЗаказа
Объект получен из хранилища: Роль.ЧтениеИнформацииПоНоменклатуре
Объект получен из хранилища: Справочник.НастройкиЯндексКассы.Форма.ФормаЭлемента
Объект получен из хранилища: Документ.LAD_КорректировкаРезервовТоваров.Макет.РасшифровкаШтрафаЗаПлатноеХранение
Объект получен из хранилища: Роль.СамообслуживаниеВнешнийПользовательЧтениеНСИ
Объект получен из хранилища: Документ.ЗаказПоставщику
Объект получен из хранилища: Документ.toledo_ВнутреннийЗаказ.Форма.ФормаДокумента
Объект получен из хранилища: Документ.РеализацияТоваровУслуг
Объект получен из хранилища: Документ.toledo_НеисполненнаяЗаявка.Форма.ФормаДокумента
Объект получен из хранилища: РегламентноеЗадание.toledo_СозданиеНеисполненныхЗаявок
Объект получен из хранилища: Роль.toledo_ПросмотрСообщенийMajorTerminal
Объект получен из хранилища: Отчет.toledo_ПричиныОтсутствияТовара
Объект получен из хранилища: Подсистема.LAD_Доработки
Объект получен из хранилища: ОбщийМодуль.LAD_ДлительныеОперации
Объект получен из хранилища: ОбщийМодуль.toledo_ЗапасыСервер
Объект получен из хранилища: ОбщийМодуль.toledo_УправлениеПечатьюПереопределяемый
Объект получен из хранилища: Роль.ЧтениеЦенНоменклатурыСОграничением
Объект получен из хранилища: Справочник.Проекты.Форма.CRM_ФормаЭлемента
Объект получен из хранилища: Документ.toledo_КорректировкаВнутреннегоЗаказа
Объект получен из хранилища: Документ.toledo_ЗаявкаНаРазгрузкуПогрузку.Форма.ФормаДокумента
Объект получен из хранилища: Отчет.toledo_ПроработкаПроектовПоПроизводителям.Макет.ОсновнаяСхемаКомпоновкиДанных
Объект получен из хранилища: Документ.CRM_ЭтапКалендарногоПлана.Форма.ФормаДокумента
Объект получен из хранилища: Документ.toledo_ПереводРезерваВСвободный
Объект получен из хранилища: Документ.ЗаказКлиента.Форма.ФормаДокумента
Объект получен из хранилища: Обработка.toledo_ТоварВДоставкеНеОтдан.Форма.Форма
Объект получен из хранилища: Роль.CRM_УправлениеПроектами
Объект получен из хранилища: Роль.toledo_РедактированиеГрафиковРаботПоПротоколам
Объект получен из хранилища: Роль.LAD_Кладовщик
Объект получен из хранилища: Роль.LAD_CRM_БазовыеПрава
Объект получен из хранилища: ОбщийМодуль.toledo_ПлатноеХранениеТоваровСервер
Объект получен из хранилища: ОбщийМодуль.toledo_ЦеныСервер
Объект получен из хранилища: Отчет.toledo_ОтчетПоЛимитам.Макет.ОсновнаяСхемаКомпоновкиДанных
Объект получен из хранилища: Документ.ВозвратТоваровПоставщику
Объект получен из хранилища: Обработка.LAD_ПодборТоваровВДокументПродажи.Форма.Форма
Объект получен из хранилища: ОбщийМодуль.toledo_ДоговорыКонтрагентовСервер
Объект получен из хранилища: Документ.toledo_ВнутреннийЗаказ
Объект получен из хранилища: Документ.toledo_Протокол.Форма.ФормаДокумента
Объект получен из хранилища: Роль.toledo_РедактированиеОписанияНоменклатуры
Объект получен из хранилища: Справочник.Номенклатура
Объект получен из хранилища: Роль.LAD_КассирОгр
Объект получен из хранилища: Роль.ПолныеПрава
Объект получен из хранилища: Роль.toledo_ОтчетыИОбработкиОтделаЗакупок
Объект получен из хранилища: Роль.toledo_ДобавлениеИзменениеПричинАктовОРасхождениях
Объект получен из хранилища: Роль.toledo_ЧтениеСписанияСвободногоРезерва
Объект получен из хранилища: Перечисление.toledo_СпособыДоставкиМимоСклада
Объект получен из хранилища: ОбщаяКартинка.toledo_Скидки
Объект получен из хранилища: Справочник.toledo_ПричиныОтказаОтЭДО
Объект получен из хранилища: Роль.toledo_ДобавлениеИзменениеПричинОтказаОтЭДО
Объект получен из хранилища: РегламентноеЗадание.toledo_ОповещениеОСписанииНачисленииБонусныхБаллов
Объект получен из хранилища: Отчет.toledo_ДоступныеСкидкиНаценки.Макет.ОсновнаяСхемаКомпоновкиДанных
---- Операция с хранилищем конфигурации завершена ----
Обновление конфигурации из хранилища успешно завершено

ИНФОРМАЦИЯ - Обновление конфигурации из хранилища завершено
ИНФОРМАЦИЯ - Выполняю захват объектов в хранилище
ИНФОРМАЦИЯ - Захват объектов завершен
ОТЛАДКА - Подключил вывод отладочного лога в отдельный файл C:/Users/daneliya.n/ProjConf/logs/lockrepo/logs_lockrepo.log
ОТЛАДКА - Заданы ПараметрыКоманды Да
ОТЛАДКА - ИспользоватьВременнуюБазу Нет
ОТЛАДКА - Разрядность платформы 1С указана %1
ИНФОРМАЦИЯ - Выполняю обновление конфигурации из хранилища
ИНФОРМАЦИЯ - ---- Начало операции с хранилищем конфигурации ----
Объект получен из хранилища: ОбщийМодуль.сфпСофтФонПроСервер
Объект получен из хранилища: Документ.ТелефонныйЗвонок
Объект получен из хранилища: ОбщийМодуль.сфпСофтФонПроСерверПереопределяемый
---- Операция с хранилищем конфигурации завершена ----
Обновление конфигурации из хранилища успешно завершено

ИНФОРМАЦИЯ - Обновление конфигурации из хранилища завершено
ИНФОРМАЦИЯ - Выполняю захват объектов в хранилище
ИНФОРМАЦИЯ - Захват объектов завершен
ОТЛАДКА - Подключил вывод отладочного лога в отдельный файл C:/Users/daneliya.n/ProjConf/logs/lockrepo/logs_lockrepo.log
ОТЛАДКА - Заданы ПараметрыКоманды Да
ОТЛАДКА - ИспользоватьВременнуюБазу Нет
ОТЛАДКА - Разрядность платформы 1С указана %1
ИНФОРМАЦИЯ - Выполняю обновление конфигурации из хранилища
ИНФОРМАЦИЯ - ---- Начало операции с хранилищем конфигурации ----
Объект получен из хранилища: ОбщийМодуль.ДенежныеСредстваСервер
Объект получен из хранилища: Документ.ВозвратТоваровОтКлиента.Форма.ФормаДокумента
Объект получен из хранилища: Отчет.toledo_РасчетОборачиваемостиТоваров.Макет.ОсновнаяСхемаКомпоновкиДанных
Объект получен из хранилища: Документ.toledo_ПроектДоговора.Форма.ФормаДокумента
---- Операция с хранилищем конфигурации завершена ----
Обновление конфигурации из хранилища успешно завершено

ИНФОРМАЦИЯ - Обновление конфигурации из хранилища завершено
ИНФОРМАЦИЯ - Выполняю захват объектов в хранилище
ИНФОРМАЦИЯ - Захват объектов завершен
ОТЛАДКА - Подключил вывод отладочного лога в отдельный файл C:/Users/daneliya.n/ProjConf/logs/lockrepo/logs_lockrepo.log
ОТЛАДКА - Заданы ПараметрыКоманды Да
ОТЛАДКА - ИспользоватьВременнуюБазу Нет
ОТЛАДКА - Разрядность платформы 1С указана %1
ИНФОРМАЦИЯ - Выполняю обновление конфигурации из хранилища
ИНФОРМАЦИЯ - ---- Начало операции с хранилищем конфигурации ----
---- Операция с хранилищем конфигурации завершена ----
Обновление конфигурации из хранилища успешно завершено

ИНФОРМАЦИЯ - Обновление конфигурации из хранилища завершено
ИНФОРМАЦИЯ - Выполняю захват объектов в хранилище
ИНФОРМАЦИЯ - Захват объектов завершен
ОТЛАДКА - Подключил вывод отладочного лога в отдельный файл C:/Users/daneliya.n/ProjConf/logs/lockrepo/logs_lockrepo.log
ОТЛАДКА - Заданы ПараметрыКоманды Да
ОТЛАДКА - ИспользоватьВременнуюБазу Нет
ОТЛАДКА - Разрядность платформы 1С указана %1
ИНФОРМАЦИЯ - Выполняю обновление конфигурации из хранилища
ОШИБКА - Пользователь ИБ не идентифицирован

КРИТИЧНАЯОШИБКА - {Модуль C:\Program Files\OneScript\lib\vanessa-runner\src\Классы\КомандаЗахватитьВХранилище.os / Ошибка в строке: 78 / {Модуль C:\Program Files\OneScript\lib\vanessa-runner\src\Классы\МенеджерКонфигуратора.os / Ошибка в строке: 669 / ЗапуститьОбновлениеИзХранилища}    
		ВызватьИсключение ТекущаяПроцедура;}
ОТЛАДКА - Подключил вывод отладочного лога в отдельный файл C:/Users/daneliya.n/ProjConf/logs/lockrepo/logs_lockrepo.log
ОТЛАДКА - Заданы ПараметрыКоманды Да
ОТЛАДКА - ИспользоватьВременнуюБазу Нет
ОТЛАДКА - Разрядность платформы 1С указана %1
ИНФОРМАЦИЯ - Выполняю обновление конфигурации из хранилища
ИНФОРМАЦИЯ - ---- Начало операции с хранилищем конфигурации ----
---- Операция с хранилищем конфигурации завершена ----
Обновление конфигурации из хранилища успешно завершено

ИНФОРМАЦИЯ - Обновление конфигурации из хранилища завершено
ИНФОРМАЦИЯ - Выполняю захват объектов в хранилище
ИНФОРМАЦИЯ - Захват объектов завершен
ОТЛАДКА - Подключил вывод отладочного лога в отдельный файл C:/Users/daneliya.n/ProjConf/logs/lockrepo/logs_lockrepo.log
ОТЛАДКА - Заданы ПараметрыКоманды Да
ОТЛАДКА - ИспользоватьВременнуюБазу Нет
ОТЛАДКА - Разрядность платформы 1С указана %1
ИНФОРМАЦИЯ - Выполняю обновление конфигурации из хранилища
ИНФОРМАЦИЯ - Обновление конфигурации из хранилища успешно завершено

ИНФОРМАЦИЯ - Обновление конфигурации из хранилища завершено
ИНФОРМАЦИЯ - Выполняю захват объектов в хранилище
ИНФОРМАЦИЯ - Захват объектов завершен
ОТЛАДКА - Подключил вывод отладочного лога в отдельный файл C:/Users/daneliya.n/ProjConf/logs/lockrepo/logs_lockrepo.log
ОТЛАДКА - Заданы ПараметрыКоманды Да
ОТЛАДКА - ИспользоватьВременнуюБазу Нет
ОТЛАДКА - Разрядность платформы 1С указана %1
ИНФОРМАЦИЯ - Выполняю обновление конфигурации из хранилища
ИНФОРМАЦИЯ - ---- Начало операции с хранилищем конфигурации ----
Объект получен из хранилища: Документ.CRM_Интерес.Форма.ФормаДокумента
---- Операция с хранилищем конфигурации завершена ----
Обновление конфигурации из хранилища успешно завершено

ИНФОРМАЦИЯ - Обновление конфигурации из хранилища завершено
ИНФОРМАЦИЯ - Выполняю захват объектов в хранилище
ИНФОРМАЦИЯ - Захват объектов завершен
ОТЛАДКА - Подключил вывод отладочного лога в отдельный файл C:/Users/daneliya.n/ProjConf/logs/lockrepo/logs_lockrepo.log
ОТЛАДКА - Заданы ПараметрыКоманды Да
ОТЛАДКА - ИспользоватьВременнуюБазу Нет
ОТЛАДКА - Разрядность платформы 1С указана %1
ИНФОРМАЦИЯ - Выполняю обновление конфигурации из хранилища
ИНФОРМАЦИЯ - ---- Начало операции с хранилищем конфигурации ----
Объект получен из хранилища: Документ.CRM_Интерес.Форма.ФормаСписка
Объект получен из хранилища: Документ.ВозвратТоваровПоставщику
---- Операция с хранилищем конфигурации завершена ----
Обновление конфигурации из хранилища успешно завершено

ИНФОРМАЦИЯ - Обновление конфигурации из хранилища завершено
ИНФОРМАЦИЯ - Выполняю захват объектов в хранилище
ИНФОРМАЦИЯ - Захват объектов завершен
ОТЛАДКА - Подключил вывод отладочного лога в отдельный файл C:/Users/daneliya.n/ProjConf/logs/lockrepo/logs_lockrepo.log
ОТЛАДКА - Заданы ПараметрыКоманды Да
ОТЛАДКА - ИспользоватьВременнуюБазу Нет
ОТЛАДКА - Разрядность платформы 1С указана %1
ИНФОРМАЦИЯ - Выполняю обновление конфигурации из хранилища
ИНФОРМАЦИЯ - ---- Начало операции с хранилищем конфигурации ----
Объект получен из хранилища: Документ.toledo_Протокол.Форма.LAD_КанбанРуководителям
Объект получен из хранилища: Обработка.CRM_АРМ_МоиПродажи.Форма.ФормаПереносаИнтереса
Объект получен из хранилища: Документ.toledo_Протокол.Форма.ФормаДокумента
---- Операция с хранилищем конфигурации завершена ----
Обновление конфигурации из хранилища успешно завершено

ИНФОРМАЦИЯ - Обновление конфигурации из хранилища завершено
ИНФОРМАЦИЯ - Выполняю захват объектов в хранилище
ИНФОРМАЦИЯ - Захват объектов завершен
ОТЛАДКА - Подключил вывод отладочного лога в отдельный файл C:/Users/daneliya.n/ProjConf/logs/lockrepo/logs_lockrepo.log
ОТЛАДКА - Заданы ПараметрыКоманды Да
ОТЛАДКА - ИспользоватьВременнуюБазу Нет
ОТЛАДКА - Разрядность платформы 1С указана %1
ИНФОРМАЦИЯ - Выполняю обновление конфигурации из хранилища
ИНФОРМАЦИЯ - ---- Начало операции с хранилищем конфигурации ----
Объект получен из хранилища: Документ.toledo_ПроектДоговора.Форма.ФормаДокумента
---- Операция с хранилищем конфигурации завершена ----
Обновление конфигурации из хранилища успешно завершено

ИНФОРМАЦИЯ - Обновление конфигурации из хранилища завершено
ИНФОРМАЦИЯ - Выполняю захват объектов в хранилище
ИНФОРМАЦИЯ - Захват объектов завершен
ОТЛАДКА - Подключил вывод отладочного лога в отдельный файл C:/Users/daneliya.n/ProjConf/logs/lockrepo/logs_lockrepo.log
ОТЛАДКА - Заданы ПараметрыКоманды Да
ОТЛАДКА - ИспользоватьВременнуюБазу Нет
ОТЛАДКА - Разрядность платформы 1С указана %1
ИНФОРМАЦИЯ - Выполняю обновление конфигурации из хранилища
ИНФОРМАЦИЯ - ---- Начало операции с хранилищем конфигурации ----
Объект получен из хранилища: Документ.toledo_Протокол.Форма.ФормаДокумента
---- Операция с хранилищем конфигурации завершена ----
Обновление конфигурации из хранилища успешно завершено

ИНФОРМАЦИЯ - Обновление конфигурации из хранилища завершено
ИНФОРМАЦИЯ - Выполняю захват объектов в хранилище
ИНФОРМАЦИЯ - Захват объектов завершен
ОТЛАДКА - Подключил вывод отладочного лога в отдельный файл C:/Users/daneliya.n/ProjConf/logs/lockrepo/logs_lockrepo.log
ОТЛАДКА - Заданы ПараметрыКоманды Да
ОТЛАДКА - ИспользоватьВременнуюБазу Нет
ОТЛАДКА - Разрядность платформы 1С указана %1
ИНФОРМАЦИЯ - Выполняю обновление конфигурации из хранилища
ИНФОРМАЦИЯ - ---- Начало операции с хранилищем конфигурации ----
Объект получен из хранилища: Документ.ЗаказКлиента
Объект получен из хранилища: Отчет.toledo_ВаловаяПрибыльПС
Объект получен из хранилища: ОбщаяКоманда.CRM_СтруктураПодчиненности
Объект получен из хранилища: Документ.ЗаказКлиента.Форма.ФормаДокумента
---- Операция с хранилищем конфигурации завершена ----
Обновление конфигурации из хранилища успешно завершено

ИНФОРМАЦИЯ - Обновление конфигурации из хранилища завершено
ИНФОРМАЦИЯ - Выполняю захват объектов в хранилище
ИНФОРМАЦИЯ - Захват объектов завершен
ОТЛАДКА - Подключил вывод отладочного лога в отдельный файл C:/Users/daneliya.n/ProjConf/logs/lockrepo/logs_lockrepo.log
ОТЛАДКА - Заданы ПараметрыКоманды Да
ОТЛАДКА - ИспользоватьВременнуюБазу Нет
ОТЛАДКА - Разрядность платформы 1С указана %1
ИНФОРМАЦИЯ - Выполняю обновление конфигурации из хранилища
ИНФОРМАЦИЯ - ---- Начало операции с хранилищем конфигурации ----
---- Операция с хранилищем конфигурации завершена ----
Обновление конфигурации из хранилища успешно завершено

ИНФОРМАЦИЯ - Обновление конфигурации из хранилища завершено
ИНФОРМАЦИЯ - Выполняю захват объектов в хранилище
ИНФОРМАЦИЯ - Захват объектов завершен
ОТЛАДКА - Подключил вывод отладочного лога в отдельный файл C:/Users/daneliya.n/ProjConf/logs/lockrepo/logs_lockrepo.log
ОТЛАДКА - Заданы ПараметрыКоманды Да
ОТЛАДКА - ИспользоватьВременнуюБазу Нет
ОТЛАДКА - Разрядность платформы 1С указана %1
ИНФОРМАЦИЯ - Выполняю обновление конфигурации из хранилища
ИНФОРМАЦИЯ - ---- Начало операции с хранилищем конфигурации ----
Объект получен из хранилища: Документ.toledo_ЗапросЦеныСрока.Форма.ФормаДокумента
---- Операция с хранилищем конфигурации завершена ----
Обновление конфигурации из хранилища успешно завершено

ИНФОРМАЦИЯ - Обновление конфигурации из хранилища завершено
ИНФОРМАЦИЯ - Выполняю захват объектов в хранилище
ИНФОРМАЦИЯ - Захват объектов завершен
ОТЛАДКА - Подключил вывод отладочного лога в отдельный файл C:/Users/daneliya.n/ProjConf/logs/lockrepo/logs_lockrepo.log
ОТЛАДКА - Заданы ПараметрыКоманды Да
ОТЛАДКА - ИспользоватьВременнуюБазу Нет
ОТЛАДКА - Разрядность платформы 1С указана %1
ИНФОРМАЦИЯ - Выполняю обновление конфигурации из хранилища
ОШИБКА - ---- Начало операции с хранилищем конфигурации ----

КРИТИЧНАЯОШИБКА - {Модуль C:\Program Files\OneScript\lib\vanessa-runner\src\Классы\КомандаЗахватитьВХранилище.os / Ошибка в строке: 78 / {Модуль C:\Program Files\OneScript\lib\vanessa-runner\src\Классы\МенеджерКонфигуратора.os / Ошибка в строке: 669 / ЗапуститьОбновлениеИзХранилища}    
		ВызватьИсключение ТекущаяПроцедура;}
ОТЛАДКА - Подключил вывод отладочного лога в отдельный файл C:/Users/daneliya.n/ProjConf/logs/lockrepo/logs_lockrepo.log
ОТЛАДКА - Заданы ПараметрыКоманды Да
ОТЛАДКА - ИспользоватьВременнуюБазу Нет
ОТЛАДКА - Разрядность платформы 1С указана %1
ИНФОРМАЦИЯ - Выполняю обновление конфигурации из хранилища
ИНФОРМАЦИЯ - ---- Начало операции с хранилищем конфигурации ----
Объект получен из хранилища: Документ.toledo_Претензия.Форма.ФормаДокумента
---- Операция с хранилищем конфигурации завершена ----
Обновление конфигурации из хранилища успешно завершено

ИНФОРМАЦИЯ - Обновление конфигурации из хранилища завершено
ИНФОРМАЦИЯ - Выполняю захват объектов в хранилище
ИНФОРМАЦИЯ - Захват объектов завершен
ОТЛАДКА - Подключил вывод отладочного лога в отдельный файл C:/Users/daneliya.n/ProjConf/logs/lockrepo/logs_lockrepo.log
ОТЛАДКА - Заданы ПараметрыКоманды Да
ОТЛАДКА - ИспользоватьВременнуюБазу Нет
ОТЛАДКА - Разрядность платформы 1С указана %1
ИНФОРМАЦИЯ - Выполняю обновление конфигурации из хранилища
ИНФОРМАЦИЯ - ---- Начало операции с хранилищем конфигурации ----
Объект получен из хранилища: Обработка.LAD_АРМЗакупки.Форма.Форма
---- Операция с хранилищем конфигурации завершена ----
Обновление конфигурации из хранилища успешно завершено

ИНФОРМАЦИЯ - Обновление конфигурации из хранилища завершено
ИНФОРМАЦИЯ - Выполняю захват объектов в хранилище
ИНФОРМАЦИЯ - Захват объектов завершен
ОТЛАДКА - Подключил вывод отладочного лога в отдельный файл C:/Users/daneliya.n/ProjConf/logs/lockrepo/logs_lockrepo.log
ОТЛАДКА - Заданы ПараметрыКоманды Да
ОТЛАДКА - ИспользоватьВременнуюБазу Нет
ОТЛАДКА - Разрядность платформы 1С указана %1
ИНФОРМАЦИЯ - Выполняю обновление конфигурации из хранилища
ИНФОРМАЦИЯ - ---- Начало операции с хранилищем конфигурации ----
Объект получен из хранилища: ОбщийМодуль.toledo_КартыЛояльностиСервер
Объект получен из хранилища: Документ.toledo_ЗаявкаНаРазгрузкуПогрузку.Форма.ФормаДокумента
---- Операция с хранилищем конфигурации завершена ----
Обновление конфигурации из хранилища успешно завершено

ИНФОРМАЦИЯ - Обновление конфигурации из хранилища завершено
ИНФОРМАЦИЯ - Выполняю захват объектов в хранилище
ИНФОРМАЦИЯ - Захват объектов завершен
ОТЛАДКА - Подключил вывод отладочного лога в отдельный файл C:/Users/daneliya.n/ProjConf/logs/lockrepo/logs_lockrepo.log
ОТЛАДКА - Заданы ПараметрыКоманды Да
ОТЛАДКА - ИспользоватьВременнуюБазу Нет
ОТЛАДКА - Разрядность платформы 1С указана %1
ИНФОРМАЦИЯ - Выполняю обновление конфигурации из хранилища
ИНФОРМАЦИЯ - ---- Начало операции с хранилищем конфигурации ----
Объект получен из хранилища: Документ.toledo_ЗакрытиеЗапроса
Объект получен из хранилища: ПланВидовХарактеристик.ДополнительныеРеквизитыИСведения
Объект получен из хранилища: ОбщийМодуль.toledo_ПроведениеСервер
Объект получен из хранилища: Документ.ПриобретениеТоваровУслуг
Объект получен из хранилища: Документ.toledo_ЗаявкаНаРазгрузкуПогрузку.Форма.ФормаДокумента
Объект получен из хранилища: Справочник.Номенклатура.Форма.ФормаЭлемента
Объект получен из хранилища: ОбщийМодуль.toledo_БонусныеБаллыСервер
---- Операция с хранилищем конфигурации завершена ----
Обновление конфигурации из хранилища успешно завершено

ИНФОРМАЦИЯ - Обновление конфигурации из хранилища завершено
ИНФОРМАЦИЯ - Выполняю захват объектов в хранилище
ИНФОРМАЦИЯ - Захват объектов завершен
ОТЛАДКА - Подключил вывод отладочного лога в отдельный файл C:/Users/daneliya.n/ProjConf/logs/lockrepo/logs_lockrepo.log
ОТЛАДКА - Заданы ПараметрыКоманды Да
ОТЛАДКА - ИспользоватьВременнуюБазу Нет
ОТЛАДКА - Разрядность платформы 1С указана %1
ИНФОРМАЦИЯ - Выполняю обновление конфигурации из хранилища
ИНФОРМАЦИЯ - ---- Начало операции с хранилищем конфигурации ----
Для выполнения операции требуется получение объектов:
	Отчет.toledo_РасчетОборачиваемостиТоваров.Макет.ОсновнаяСхемаКомпоновкиДанныхССПБ
---- Операция с хранилищем конфигурации отменена ----
---- Начало операции с хранилищем конфигурации ----
Объект получен из хранилища: WebСервис.ToledoAPI
Объект получен из хранилища: Справочник.ДоговорыКонтрагентов
Объект получен из хранилища: Отчет.toledo_РасчетОборачиваемостиТоваров
Объект получен из хранилища: Документ.toledo_ЗаявкаНаВыдачуТовараСамовывозом.Макет.ПФ_MXL_ПакетДокументов
Объект получен из хранилища: Документ.toledo_ЗаявкаНаРазгрузкуПогрузку.Форма.ФормаДокумента
Объект получен из хранилища: Отчет.toledo_ЛимитыПоРазгрузке
Объект получен из хранилища: Отчет.toledo_РасчетОборачиваемостиТоваров.Макет.ОсновнаяСхемаКомпоновкиДанныхССПБ
---- Операция с хранилищем конфигурации завершена ----
Обновление конфигурации из хранилища успешно завершено

ИНФОРМАЦИЯ - Обновление конфигурации из хранилища завершено
ИНФОРМАЦИЯ - Выполняю захват объектов в хранилище
ИНФОРМАЦИЯ - Захват объектов завершен
ОТЛАДКА - Подключил вывод отладочного лога в отдельный файл C:/Users/daneliya.n/ProjConf/logs/lockrepo/logs_lockrepo.log
ОТЛАДКА - Заданы ПараметрыКоманды Да
ОТЛАДКА - ИспользоватьВременнуюБазу Нет
ОТЛАДКА - Разрядность платформы 1С указана %1
ИНФОРМАЦИЯ - Выполняю обновление конфигурации из хранилища
ИНФОРМАЦИЯ - ---- Начало операции с хранилищем конфигурации ----
Объект получен из хранилища: Документ.toledo_ЗакрытиеЗапроса
Объект получен из хранилища: РегистрСведений.ABCXYZКлассификацияНоменклатуры
Объект получен из хранилища: Справочник.Номенклатура.Форма.ФормаЭлемента
Объект получен из хранилища: Обработка.toledo_ПакетДокументовЗаказа
Объект получен из хранилища: Справочник.Номенклатура
---- Операция с хранилищем конфигурации завершена ----
Обновление конфигурации из хранилища успешно завершено

ИНФОРМАЦИЯ - Обновление конфигурации из хранилища завершено
ИНФОРМАЦИЯ - Выполняю захват объектов в хранилище
ИНФОРМАЦИЯ - Захват объектов завершен
ОТЛАДКА - Подключил вывод отладочного лога в отдельный файл C:/Users/daneliya.n/ProjConf/logs/lockrepo/logs_lockrepo.log
ОТЛАДКА - Заданы ПараметрыКоманды Да
ОТЛАДКА - ИспользоватьВременнуюБазу Нет
ОТЛАДКА - Разрядность платформы 1С указана %1
ИНФОРМАЦИЯ - Выполняю обновление конфигурации из хранилища
ИНФОРМАЦИЯ - ---- Начало операции с хранилищем конфигурации ----
Объект получен из хранилища: Отчет.toledo_РасчетОборачиваемостиТоваров.Макет.ОсновнаяСхемаКомпоновкиДанных
---- Операция с хранилищем конфигурации завершена ----
Обновление конфигурации из хранилища успешно завершено

ИНФОРМАЦИЯ - Обновление конфигурации из хранилища завершено
ИНФОРМАЦИЯ - Выполняю захват объектов в хранилище
ИНФОРМАЦИЯ - Захват объектов завершен
ОТЛАДКА - Подключил вывод отладочного лога в отдельный файл C:/Users/daneliya.n/ProjConf/logs/lockrepo/logs_lockrepo.log
ОТЛАДКА - Заданы ПараметрыКоманды Да
ОТЛАДКА - ИспользоватьВременнуюБазу Нет
ОТЛАДКА - Разрядность платформы 1С указана %1
ИНФОРМАЦИЯ - Выполняю обновление конфигурации из хранилища
ИНФОРМАЦИЯ - ---- Начало операции с хранилищем конфигурации ----
Объект получен из хранилища: Документ.toledo_ЗакрытиеЗапроса
Объект получен из хранилища: ОбщийМодуль.кшдМенеджерОбменаКаноническийФормат01
Объект получен из хранилища: Обработка.toledo_ВедомостьПоПлатнойДоставке
Объект получен из хранилища: Документ.toledo_Претензия.Форма.ФормаДокумента
Объект получен из хранилища: ОбщийМодуль.toledo_СкладСервер
Объект получен из хранилища: Отчет.LAD_АнализЗаказаРасширенный.Макет.ОсновнаяСхемаКомпоновкиДанных
---- Операция с хранилищем конфигурации завершена ----
Обновление конфигурации из хранилища успешно завершено

ИНФОРМАЦИЯ - Обновление конфигурации из хранилища завершено
ИНФОРМАЦИЯ - Выполняю захват объектов в хранилище
ИНФОРМАЦИЯ - Захват объектов завершен
ОТЛАДКА - Подключил вывод отладочного лога в отдельный файл C:/Users/daneliya.n/ProjConf/logs/lockrepo/logs_lockrepo.log
ОТЛАДКА - Заданы ПараметрыКоманды Да
ОТЛАДКА - ИспользоватьВременнуюБазу Нет
ОТЛАДКА - Разрядность платформы 1С указана %1
ИНФОРМАЦИЯ - Выполняю обновление конфигурации из хранилища
ИНФОРМАЦИЯ - ---- Начало операции с хранилищем конфигурации ----
Объект получен из хранилища: Документ.toledo_Претензия.Форма.ФормаДокумента
---- Операция с хранилищем конфигурации завершена ----
Обновление конфигурации из хранилища успешно завершено

ИНФОРМАЦИЯ - Обновление конфигурации из хранилища завершено
ИНФОРМАЦИЯ - Выполняю захват объектов в хранилище
ИНФОРМАЦИЯ - Захват объектов завершен
ОТЛАДКА - Подключил вывод отладочного лога в отдельный файл C:/Users/daneliya.n/ProjConf/logs/lockrepo/logs_lockrepo.log
ОТЛАДКА - Заданы ПараметрыКоманды Да
ОТЛАДКА - ИспользоватьВременнуюБазу Нет
ОТЛАДКА - Разрядность платформы 1С указана %1
ИНФОРМАЦИЯ - Выполняю обновление конфигурации из хранилища
ИНФОРМАЦИЯ - ---- Начало операции с хранилищем конфигурации ----
Объект получен из хранилища: Документ.toledo_Претензия.Форма.ФормаДокумента
Объект получен из хранилища: Документ.ВозвратТоваровПоставщику.Форма.ФормаДокумента
---- Операция с хранилищем конфигурации завершена ----
Обновление конфигурации из хранилища успешно завершено

ИНФОРМАЦИЯ - Обновление конфигурации из хранилища завершено
ИНФОРМАЦИЯ - Выполняю захват объектов в хранилище
ИНФОРМАЦИЯ - Захват объектов завершен
ОТЛАДКА - Подключил вывод отладочного лога в отдельный файл C:/Users/daneliya.n/ProjConf/logs/lockrepo/logs_lockrepo.log
ОТЛАДКА - Заданы ПараметрыКоманды Да
ОТЛАДКА - ИспользоватьВременнуюБазу Нет
ОТЛАДКА - Разрядность платформы 1С указана %1
ИНФОРМАЦИЯ - Выполняю обновление конфигурации из хранилища
ИНФОРМАЦИЯ - ---- Начало операции с хранилищем конфигурации ----
Объект получен из хранилища: Документ.toledo_ЗакрытиеЗапроса
Объект получен из хранилища: WebСервис.ToledoAPI
---- Операция с хранилищем конфигурации завершена ----
Обновление конфигурации из хранилища успешно завершено

ИНФОРМАЦИЯ - Обновление конфигурации из хранилища завершено
ИНФОРМАЦИЯ - Выполняю захват объектов в хранилище
ИНФОРМАЦИЯ - Захват объектов завершен
ОТЛАДКА - Подключил вывод отладочного лога в отдельный файл C:/Users/daneliya.n/ProjConf/logs/lockrepo/logs_lockrepo.log
ОТЛАДКА - Заданы ПараметрыКоманды Да
ОТЛАДКА - ИспользоватьВременнуюБазу Нет
ОТЛАДКА - Разрядность платформы 1С указана %1
ИНФОРМАЦИЯ - Выполняю обновление конфигурации из хранилища
ИНФОРМАЦИЯ - ---- Начало операции с хранилищем конфигурации ----
Объект получен из хранилища: Документ.toledo_ЗакрытиеЗапроса
Объект получен из хранилища: Документ.РеализацияТоваровУслуг.Форма.ФормаДокумента
Объект получен из хранилища: Документ.РасходныйКассовыйОрдер.Форма.ФормаДокумента
Объект получен из хранилища: Документ.РасходныйКассовыйОрдер
---- Операция с хранилищем конфигурации завершена ----
Обновление конфигурации из хранилища успешно завершено

ИНФОРМАЦИЯ - Обновление конфигурации из хранилища завершено
ИНФОРМАЦИЯ - Выполняю захват объектов в хранилище
ИНФОРМАЦИЯ - Захват объектов завершен
ОТЛАДКА - Подключил вывод отладочного лога в отдельный файл C:/Users/daneliya.n/ProjConf/logs/lockrepo/logs_lockrepo.log
ОТЛАДКА - Заданы ПараметрыКоманды Да
ОТЛАДКА - ИспользоватьВременнуюБазу Нет
ОТЛАДКА - Разрядность платформы 1С указана %1
ИНФОРМАЦИЯ - Выполняю обновление конфигурации из хранилища
ИНФОРМАЦИЯ - ---- Начало операции с хранилищем конфигурации ----
Объект получен из хранилища: Документ.CRM_Интерес
Объект получен из хранилища: Обработка.toledo_РаботаCWacomSTU.Форма.ФормаПодписи
Объект получен из хранилища: Документ.toledo_Претензия.Форма.ФормаДокумента
Объект получен из хранилища: Документ.РасходныйКассовыйОрдер.Форма.ФормаДокумента
Объект получен из хранилища: Документ.РасходныйКассовыйОрдер
---- Операция с хранилищем конфигурации завершена ----
Обновление конфигурации из хранилища успешно завершено

ИНФОРМАЦИЯ - Обновление конфигурации из хранилища завершено
ИНФОРМАЦИЯ - Выполняю захват объектов в хранилище
ИНФОРМАЦИЯ - Захват объектов завершен
ОТЛАДКА - Подключил вывод отладочного лога в отдельный файл C:/Users/daneliya.n/ProjConf/logs/lockrepo/logs_lockrepo.log
ОТЛАДКА - Заданы ПараметрыКоманды Да
ОТЛАДКА - ИспользоватьВременнуюБазу Нет
ОТЛАДКА - Разрядность платформы 1С указана %1
ИНФОРМАЦИЯ - Выполняю обновление конфигурации из хранилища
ИНФОРМАЦИЯ - ---- Начало операции с хранилищем конфигурации ----
Объект получен из хранилища: Документ.toledo_Претензия.Форма.ФормаДокумента
Объект получен из хранилища: Отчет.toledo_ТоварыНаРегиональныхСкладах.Макет.ОсновнаяСхемаКомпоновкиДанных
Объект получен из хранилища: Документ.toledo_ЗаявкаНаРазгрузкуПогрузку
Объект получен из хранилища: Отчет.toledo_ПроработкаПроектовПоПроизводителям.Макет.ОсновнаяСхемаКомпоновкиДанных
Объект получен из хранилища: Отчет.toledo_ТоварыНаРегиональныхСкладах
---- Операция с хранилищем конфигурации завершена ----
Обновление конфигурации из хранилища успешно завершено

ИНФОРМАЦИЯ - Обновление конфигурации из хранилища завершено
ИНФОРМАЦИЯ - Выполняю захват объектов в хранилище
ИНФОРМАЦИЯ - Захват объектов завершен
ОТЛАДКА - Подключил вывод отладочного лога в отдельный файл C:/Users/daneliya.n/ProjConf/logs/lockrepo/logs_lockrepo.log
ОТЛАДКА - Заданы ПараметрыКоманды Да
ОТЛАДКА - ИспользоватьВременнуюБазу Нет
ОТЛАДКА - Разрядность платформы 1С указана %1
ИНФОРМАЦИЯ - Выполняю обновление конфигурации из хранилища
ИНФОРМАЦИЯ - ---- Начало операции с хранилищем конфигурации ----
Объект получен из хранилища: Документ.toledo_ЗаявкаНаРазгрузкуПогрузку
---- Операция с хранилищем конфигурации завершена ----
Обновление конфигурации из хранилища успешно завершено

ИНФОРМАЦИЯ - Обновление конфигурации из хранилища завершено
ИНФОРМАЦИЯ - Выполняю захват объектов в хранилище
ИНФОРМАЦИЯ - Захват объектов завершен
ОТЛАДКА - Подключил вывод отладочного лога в отдельный файл C:/Users/daneliya.n/ProjConf/logs/lockrepo/logs_lockrepo.log
ОТЛАДКА - Заданы ПараметрыКоманды Да
ОТЛАДКА - ИспользоватьВременнуюБазу Нет
ОТЛАДКА - Разрядность платформы 1С указана %1
ИНФОРМАЦИЯ - Выполняю обновление конфигурации из хранилища
ИНФОРМАЦИЯ - ---- Начало операции с хранилищем конфигурации ----
Объект получен из хранилища: WebСервис.ToledoAPI
---- Операция с хранилищем конфигурации завершена ----
Обновление конфигурации из хранилища успешно завершено

ИНФОРМАЦИЯ - Обновление конфигурации из хранилища завершено
ИНФОРМАЦИЯ - Выполняю захват объектов в хранилище
ИНФОРМАЦИЯ - Захват объектов завершен
ОТЛАДКА - Подключил вывод отладочного лога в отдельный файл C:/Users/daneliya.n/ProjConf/logs/lockrepo/logs_lockrepo.log
ОТЛАДКА - Заданы ПараметрыКоманды Да
ОТЛАДКА - ИспользоватьВременнуюБазу Нет
ОТЛАДКА - Разрядность платформы 1С указана %1
ИНФОРМАЦИЯ - Выполняю обновление конфигурации из хранилища
ИНФОРМАЦИЯ - ---- Начало операции с хранилищем конфигурации ----
---- Операция с хранилищем конфигурации завершена ----
Обновление конфигурации из хранилища успешно завершено

ИНФОРМАЦИЯ - Обновление конфигурации из хранилища завершено
ИНФОРМАЦИЯ - Выполняю захват объектов в хранилище
ИНФОРМАЦИЯ - Захват объектов завершен
ОТЛАДКА - Подключил вывод отладочного лога в отдельный файл C:/Users/daneliya.n/ProjConf/logs/lockrepo/logs_lockrepo.log
ОТЛАДКА - Заданы ПараметрыКоманды Да
ОТЛАДКА - ИспользоватьВременнуюБазу Нет
ОТЛАДКА - Разрядность платформы 1С указана %1
ИНФОРМАЦИЯ - Выполняю обновление конфигурации из хранилища
ИНФОРМАЦИЯ - ---- Начало операции с хранилищем конфигурации ----
Объект получен из хранилища: ОбщийМодуль.LAD_ОбменСКонтрагентами
Объект получен из хранилища: Отчет.toledo_РасчетОборачиваемостиТоваров.Макет.ОсновнаяСхемаКомпоновкиДанных
Объект получен из хранилища: Документ.toledo_ЗаявкаНаРазгрузкуПогрузку.Форма.ФормаДокумента
Объект получен из хранилища: Документ.LAD_РезервированиеТоваров.Форма.ФормаДокумента
---- Операция с хранилищем конфигурации завершена ----
Обновление конфигурации из хранилища успешно завершено

ИНФОРМАЦИЯ - Обновление конфигурации из хранилища завершено
ИНФОРМАЦИЯ - Выполняю захват объектов в хранилище
ИНФОРМАЦИЯ - Захват объектов завершен
ОТЛАДКА - Подключил вывод отладочного лога в отдельный файл C:/Users/daneliya.n/ProjConf/logs/lockrepo/logs_lockrepo.log
ОТЛАДКА - Заданы ПараметрыКоманды Да
ОТЛАДКА - ИспользоватьВременнуюБазу Нет
ОТЛАДКА - Разрядность платформы 1С указана %1
ИНФОРМАЦИЯ - Выполняю обновление конфигурации из хранилища
ИНФОРМАЦИЯ - ---- Начало операции с хранилищем конфигурации ----
Объект получен из хранилища: ПланВидовХарактеристик.toledo_ПредопределенныеКлассификаторы
Объект получен из хранилища: Отчет.toledo_РасчетОборачиваемостиТоваров.Макет.ОсновнаяСхемаКомпоновкиДанных
Объект получен из хранилища: Документ.toledo_ЗаявкаНаРазгрузкуПогрузку.Форма.ФормаДокумента
---- Операция с хранилищем конфигурации завершена ----
Обновление конфигурации из хранилища успешно завершено

ИНФОРМАЦИЯ - Обновление конфигурации из хранилища завершено
ИНФОРМАЦИЯ - Выполняю захват объектов в хранилище
ИНФОРМАЦИЯ - Захват объектов завершен
ОТЛАДКА - Подключил вывод отладочного лога в отдельный файл C:/Users/daneliya.n/ProjConf/logs/lockrepo/logs_lockrepo.log
ОТЛАДКА - Заданы ПараметрыКоманды Да
ОТЛАДКА - ИспользоватьВременнуюБазу Нет
ОТЛАДКА - Разрядность платформы 1С указана %1
ИНФОРМАЦИЯ - Выполняю обновление конфигурации из хранилища
ИНФОРМАЦИЯ - ---- Начало операции с хранилищем конфигурации ----
Объект получен из хранилища: Документ.ВозвратТоваровОтКлиента.Форма.ФормаДокумента
---- Операция с хранилищем конфигурации завершена ----
Обновление конфигурации из хранилища успешно завершено

ИНФОРМАЦИЯ - Обновление конфигурации из хранилища завершено
ИНФОРМАЦИЯ - Выполняю захват объектов в хранилище
ИНФОРМАЦИЯ - Захват объектов завершен
ОТЛАДКА - Подключил вывод отладочного лога в отдельный файл C:/Users/daneliya.n/ProjConf/logs/lockrepo/logs_lockrepo.log
ОТЛАДКА - Заданы ПараметрыКоманды Да
ОТЛАДКА - ИспользоватьВременнуюБазу Нет
ОТЛАДКА - Разрядность платформы 1С указана %1
ИНФОРМАЦИЯ - Выполняю обновление конфигурации из хранилища
ИНФОРМАЦИЯ - ---- Начало операции с хранилищем конфигурации ----
---- Операция с хранилищем конфигурации завершена ----
Обновление конфигурации из хранилища успешно завершено

ИНФОРМАЦИЯ - Обновление конфигурации из хранилища завершено
ИНФОРМАЦИЯ - Выполняю захват объектов в хранилище
ИНФОРМАЦИЯ - Захват объектов завершен
ОТЛАДКА - Подключил вывод отладочного лога в отдельный файл C:/Users/daneliya.n/ProjConf/logs/lockrepo/logs_lockrepo.log
ОТЛАДКА - Заданы ПараметрыКоманды Да
ОТЛАДКА - ИспользоватьВременнуюБазу Нет
ОТЛАДКА - Разрядность платформы 1С указана %1
ИНФОРМАЦИЯ - Выполняю обновление конфигурации из хранилища
ИНФОРМАЦИЯ - ---- Начало операции с хранилищем конфигурации ----
---- Операция с хранилищем конфигурации завершена ----
Обновление конфигурации из хранилища успешно завершено

ИНФОРМАЦИЯ - Обновление конфигурации из хранилища завершено
ИНФОРМАЦИЯ - Выполняю захват объектов в хранилище
ИНФОРМАЦИЯ - Захват объектов завершен
ОТЛАДКА - Подключил вывод отладочного лога в отдельный файл C:/Users/daneliya.n/ProjConf/logs/lockrepo/logs_lockrepo.log
ОТЛАДКА - Заданы ПараметрыКоманды Да
ОТЛАДКА - ИспользоватьВременнуюБазу Нет
ОТЛАДКА - Разрядность платформы 1С указана %1
ИНФОРМАЦИЯ - Выполняю обновление конфигурации из хранилища
ИНФОРМАЦИЯ - ---- Начало операции с хранилищем конфигурации ----
Объект получен из хранилища: Справочник.Номенклатура
---- Операция с хранилищем конфигурации завершена ----
Обновление конфигурации из хранилища успешно завершено

ИНФОРМАЦИЯ - Обновление конфигурации из хранилища завершено
ИНФОРМАЦИЯ - Выполняю захват объектов в хранилище
ИНФОРМАЦИЯ - Захват объектов завершен
ОТЛАДКА - Подключил вывод отладочного лога в отдельный файл C:/Users/daneliya.n/ProjConf/logs/lockrepo/logs_lockrepo.log
ОТЛАДКА - Заданы ПараметрыКоманды Да
ОТЛАДКА - ИспользоватьВременнуюБазу Нет
ОТЛАДКА - Разрядность платформы 1С указана %1
ИНФОРМАЦИЯ - Выполняю обновление конфигурации из хранилища
ОШИБКА - Ошибка блокировки информационной базы для конфигурирования.
Возможно, информационная база уже открыта Конфигуратором.
С этой информационной базой уже работает конфигуратор:
компьютер: IT-1C-16, сеанс: 1, начат: 22.12.2022 в 18:55:50, приложение: Конфигуратор

КРИТИЧНАЯОШИБКА - {Модуль C:\Program Files\OneScript\lib\vanessa-runner\src\Классы\КомандаЗахватитьВХранилище.os / Ошибка в строке: 78 / {Модуль C:\Program Files\OneScript\lib\vanessa-runner\src\Классы\МенеджерКонфигуратора.os / Ошибка в строке: 669 / ЗапуститьОбновлениеИзХранилища}    
		ВызватьИсключение ТекущаяПроцедура;}
ОТЛАДКА - Подключил вывод отладочного лога в отдельный файл C:/Users/daneliya.n/ProjConf/logs/lockrepo/logs_lockrepo.log
ОТЛАДКА - Заданы ПараметрыКоманды Да
ОТЛАДКА - ИспользоватьВременнуюБазу Нет
ОТЛАДКА - Разрядность платформы 1С указана %1
ИНФОРМАЦИЯ - Выполняю обновление конфигурации из хранилища
ИНФОРМАЦИЯ - ---- Начало операции с хранилищем конфигурации ----
Объект получен из хранилища: ОбщийМодуль.КомпоновкаДанныхВызовСервера
---- Операция с хранилищем конфигурации завершена ----
Обновление конфигурации из хранилища успешно завершено

ИНФОРМАЦИЯ - Обновление конфигурации из хранилища завершено
ИНФОРМАЦИЯ - Выполняю захват объектов в хранилище
ИНФОРМАЦИЯ - Захват объектов завершен
ОТЛАДКА - Подключил вывод отладочного лога в отдельный файл C:/Users/daneliya.n/ProjConf/logs/lockrepo/logs_lockrepo.log
ОТЛАДКА - Заданы ПараметрыКоманды Да
ОТЛАДКА - ИспользоватьВременнуюБазу Нет
ОТЛАДКА - Разрядность платформы 1С указана %1
ИНФОРМАЦИЯ - Выполняю обновление конфигурации из хранилища
ИНФОРМАЦИЯ - ---- Начало операции с хранилищем конфигурации ----
Объект получен из хранилища: Справочник.ДоговорыКонтрагентов
Объект получен из хранилища: Обработка.LAD_АРМЗакупки.Форма.Форма
---- Операция с хранилищем конфигурации завершена ----
Обновление конфигурации из хранилища успешно завершено

ИНФОРМАЦИЯ - Обновление конфигурации из хранилища завершено
ИНФОРМАЦИЯ - Выполняю захват объектов в хранилище
ИНФОРМАЦИЯ - Захват объектов завершен
ОТЛАДКА - Подключил вывод отладочного лога в отдельный файл C:/Users/daneliya.n/ProjConf/logs/lockrepo/logs_lockrepo.log
ОТЛАДКА - Заданы ПараметрыКоманды Да
ОТЛАДКА - ИспользоватьВременнуюБазу Нет
ОТЛАДКА - Разрядность платформы 1С указана %1
ИНФОРМАЦИЯ - Выполняю обновление конфигурации из хранилища
ИНФОРМАЦИЯ - ---- Начало операции с хранилищем конфигурации ----
Объект получен из хранилища: Справочник.ДоговорыКонтрагентов.Форма.ФормаЭлемента
Объект получен из хранилища: ОбщийМодуль.toledo_ОбменForecastNow
Объект получен из хранилища: ОбщийМодуль.toledo_КартыЛояльностиСервер
Объект получен из хранилища: ОбщаяФорма.ПечатьДокументов
---- Операция с хранилищем конфигурации завершена ----
Обновление конфигурации из хранилища успешно завершено

ИНФОРМАЦИЯ - Обновление конфигурации из хранилища завершено
ИНФОРМАЦИЯ - Выполняю захват объектов в хранилище
ИНФОРМАЦИЯ - Захват объектов завершен
ОТЛАДКА - Подключил вывод отладочного лога в отдельный файл C:/Users/daneliya.n/ProjConf/logs/lockrepo/logs_lockrepo.log
ОТЛАДКА - Заданы ПараметрыКоманды Да
ОТЛАДКА - ИспользоватьВременнуюБазу Нет
ОТЛАДКА - Разрядность платформы 1С указана %1
ИНФОРМАЦИЯ - Выполняю обновление конфигурации из хранилища
ИНФОРМАЦИЯ - ---- Начало операции с хранилищем конфигурации ----
Объект получен из хранилища: ОбщийМодуль.кшдМенеджерОбменаКаноническийФормат01
Объект получен из хранилища: ОбщийМодуль.toledo_API
Объект получен из хранилища: ОбщаяФорма.ПечатьДокументов
---- Операция с хранилищем конфигурации завершена ----
Обновление конфигурации из хранилища успешно завершено

ИНФОРМАЦИЯ - Обновление конфигурации из хранилища завершено
ИНФОРМАЦИЯ - Выполняю захват объектов в хранилище
ИНФОРМАЦИЯ - Захват объектов завершен
ОТЛАДКА - Подключил вывод отладочного лога в отдельный файл C:/Users/daneliya.n/ProjConf/logs/lockrepo/logs_lockrepo.log
ОТЛАДКА - Заданы ПараметрыКоманды Да
ОТЛАДКА - ИспользоватьВременнуюБазу Нет
ОТЛАДКА - Разрядность платформы 1С указана %1
ИНФОРМАЦИЯ - Выполняю обновление конфигурации из хранилища
ИНФОРМАЦИЯ - ---- Начало операции с хранилищем конфигурации ----
Объект получен из хранилища: Справочник.Организации
Объект получен из хранилища: Документ.СверкаВзаиморасчетов
Объект получен из хранилища: Роль.toledo_ДобавлениеИзменениеСверкиВзаиморасчетовПослеЛиквидацииОрганизации
---- Операция с хранилищем конфигурации завершена ----
Обновление конфигурации из хранилища успешно завершено

ИНФОРМАЦИЯ - Обновление конфигурации из хранилища завершено
ИНФОРМАЦИЯ - Выполняю захват объектов в хранилище
ИНФОРМАЦИЯ - Захват объектов завершен
ОТЛАДКА - Подключил вывод отладочного лога в отдельный файл C:/Users/daneliya.n/ProjConf/logs/lockrepo/logs_lockrepo.log
ОТЛАДКА - Заданы ПараметрыКоманды Да
ОТЛАДКА - ИспользоватьВременнуюБазу Нет
ОТЛАДКА - Разрядность платформы 1С указана %1
ИНФОРМАЦИЯ - Выполняю обновление конфигурации из хранилища
ИНФОРМАЦИЯ - ---- Начало операции с хранилищем конфигурации ----
Объект получен из хранилища: Справочник.Организации
Объект получен из хранилища: Роль.toledo_РедактированиеРеквизитаНоменклатурыВидНоменклатуры
Объект получен из хранилища: ОбщийМодуль.toledo_РасчетОплаченнойПрибыли
---- Операция с хранилищем конфигурации завершена ----
Обновление конфигурации из хранилища успешно завершено

ИНФОРМАЦИЯ - Обновление конфигурации из хранилища завершено
ИНФОРМАЦИЯ - Выполняю захват объектов в хранилище
ИНФОРМАЦИЯ - Захват объектов завершен
ОТЛАДКА - Подключил вывод отладочного лога в отдельный файл C:/Users/daneliya.n/ProjConf/logs/lockrepo/logs_lockrepo.log
ОТЛАДКА - Заданы ПараметрыКоманды Да
ОТЛАДКА - ИспользоватьВременнуюБазу Нет
ОТЛАДКА - Разрядность платформы 1С указана %1
ИНФОРМАЦИЯ - Выполняю обновление конфигурации из хранилища
ИНФОРМАЦИЯ - ---- Начало операции с хранилищем конфигурации ----
---- Операция с хранилищем конфигурации завершена ----
Обновление конфигурации из хранилища успешно завершено

ИНФОРМАЦИЯ - Обновление конфигурации из хранилища завершено
ИНФОРМАЦИЯ - Выполняю захват объектов в хранилище
ИНФОРМАЦИЯ - Захват объектов завершен
ОТЛАДКА - Подключил вывод отладочного лога в отдельный файл C:/Users/daneliya.n/ProjConf/logs/lockrepo/logs_lockrepo.log
ОТЛАДКА - Заданы ПараметрыКоманды Да
ОТЛАДКА - ИспользоватьВременнуюБазу Нет
ОТЛАДКА - Разрядность платформы 1С указана %1
ИНФОРМАЦИЯ - Выполняю обновление конфигурации из хранилища
ИНФОРМАЦИЯ - ---- Начало операции с хранилищем конфигурации ----
Объект получен из хранилища: Документ.toledo_АктРасчетаБонусаПремии
Объект получен из хранилища: Документ.toledo_ПроектДоговора.Форма.ФормаДокумента
---- Операция с хранилищем конфигурации завершена ----
Обновление конфигурации из хранилища успешно завершено

ИНФОРМАЦИЯ - Обновление конфигурации из хранилища завершено
ИНФОРМАЦИЯ - Выполняю захват объектов в хранилище
ИНФОРМАЦИЯ - Захват объектов завершен
ОТЛАДКА - Подключил вывод отладочного лога в отдельный файл C:/Users/daneliya.n/ProjConf/logs/lockrepo/logs_lockrepo.log
ОТЛАДКА - Заданы ПараметрыКоманды Да
ОТЛАДКА - ИспользоватьВременнуюБазу Нет
ОТЛАДКА - Разрядность платформы 1С указана %1
ИНФОРМАЦИЯ - Выполняю обновление конфигурации из хранилища
ИНФОРМАЦИЯ - ---- Начало операции с хранилищем конфигурации ----
Объект получен из хранилища: Справочник.Партнеры.Форма.CRM_Модуль_ФормаЭлементаРеквизитыКонтрагента
---- Операция с хранилищем конфигурации завершена ----
Обновление конфигурации из хранилища успешно завершено

ИНФОРМАЦИЯ - Обновление конфигурации из хранилища завершено
ИНФОРМАЦИЯ - Выполняю захват объектов в хранилище
ИНФОРМАЦИЯ - Захват объектов завершен
ОТЛАДКА - Подключил вывод отладочного лога в отдельный файл C:/Users/daneliya.n/ProjConf/logs/lockrepo/logs_lockrepo.log
ОТЛАДКА - Заданы ПараметрыКоманды Да
ОТЛАДКА - ИспользоватьВременнуюБазу Нет
ОТЛАДКА - Разрядность платформы 1С указана %1
ИНФОРМАЦИЯ - Выполняю обновление конфигурации из хранилища
ИНФОРМАЦИЯ - ---- Начало операции с хранилищем конфигурации ----
---- Операция с хранилищем конфигурации завершена ----
Обновление конфигурации из хранилища успешно завершено

ИНФОРМАЦИЯ - Обновление конфигурации из хранилища завершено
ИНФОРМАЦИЯ - Выполняю захват объектов в хранилище
ИНФОРМАЦИЯ - Захват объектов завершен
ОТЛАДКА - Подключил вывод отладочного лога в отдельный файл C:/Users/daneliya.n/ProjConf/logs/lockrepo/logs_lockrepo.log
ОТЛАДКА - Заданы ПараметрыКоманды Да
ОТЛАДКА - ИспользоватьВременнуюБазу Нет
ОТЛАДКА - Разрядность платформы 1С указана %1
ИНФОРМАЦИЯ - Выполняю обновление конфигурации из хранилища
ИНФОРМАЦИЯ - ---- Начало операции с хранилищем конфигурации ----
---- Операция с хранилищем конфигурации завершена ----
Обновление конфигурации из хранилища успешно завершено

ИНФОРМАЦИЯ - Обновление конфигурации из хранилища завершено
ИНФОРМАЦИЯ - Выполняю захват объектов в хранилище
ИНФОРМАЦИЯ - Захват объектов завершен
ОТЛАДКА - Подключил вывод отладочного лога в отдельный файл C:/Users/daneliya.n/ProjConf/logs/lockrepo/logs_lockrepo.log
ОТЛАДКА - Заданы ПараметрыКоманды Да
ОТЛАДКА - ИспользоватьВременнуюБазу Нет
ОТЛАДКА - Разрядность платформы 1С указана %1
ИНФОРМАЦИЯ - Выполняю обновление конфигурации из хранилища
ИНФОРМАЦИЯ - ---- Начало операции с хранилищем конфигурации ----
Объект получен из хранилища: Отчет.toledo_ВаловаяПрибыльПС
Объект получен из хранилища: Отчет.toledo_ВаловаяПрибыльПС.Макет.ОсновнаяСхемаКомпоновкиДанных
---- Операция с хранилищем конфигурации завершена ----
Обновление конфигурации из хранилища успешно завершено

ИНФОРМАЦИЯ - Обновление конфигурации из хранилища завершено
ИНФОРМАЦИЯ - Выполняю захват объектов в хранилище
ИНФОРМАЦИЯ - Захват объектов завершен
ОТЛАДКА - Подключил вывод отладочного лога в отдельный файл C:/Users/daneliya.n/ProjConf/logs/lockrepo/logs_lockrepo.log
ОТЛАДКА - Заданы ПараметрыКоманды Да
ОТЛАДКА - ИспользоватьВременнуюБазу Нет
ОТЛАДКА - Разрядность платформы 1С указана %1
ИНФОРМАЦИЯ - Выполняю обновление конфигурации из хранилища
ИНФОРМАЦИЯ - ---- Начало операции с хранилищем конфигурации ----
Объект получен из хранилища: Справочник.toledo_СтатусыОбъектов
Объект получен из хранилища: ОбщийМодуль.УстановкаЦенСервер
Объект получен из хранилища: Отчет.toledo_ВаловаяПрибыльПС
Объект получен из хранилища: Документ.СписаниеЗадолженности
Объект получен из хранилища: Отчет.toledo_ВаловаяПрибыльПС.Макет.ОсновнаяСхемаКомпоновкиДанных
---- Операция с хранилищем конфигурации завершена ----
Обновление конфигурации из хранилища успешно завершено

ИНФОРМАЦИЯ - Обновление конфигурации из хранилища завершено
ИНФОРМАЦИЯ - Выполняю захват объектов в хранилище
ИНФОРМАЦИЯ - Захват объектов завершен
ОТЛАДКА - Подключил вывод отладочного лога в отдельный файл C:/Users/daneliya.n/ProjConf/logs/lockrepo/logs_lockrepo.log
ОТЛАДКА - Заданы ПараметрыКоманды Да
ОТЛАДКА - ИспользоватьВременнуюБазу Нет
ОТЛАДКА - Разрядность платформы 1С указана %1
ИНФОРМАЦИЯ - Выполняю обновление конфигурации из хранилища
ИНФОРМАЦИЯ - ---- Начало операции с хранилищем конфигурации ----
Объект получен из хранилища: ОбщийМодуль.УстановкаЦенСервер
Объект получен из хранилища: ОбщийМодуль.toledo_ПродажиСервер
---- Операция с хранилищем конфигурации завершена ----
Обновление конфигурации из хранилища успешно завершено

ИНФОРМАЦИЯ - Обновление конфигурации из хранилища завершено
ИНФОРМАЦИЯ - Выполняю захват объектов в хранилище
ИНФОРМАЦИЯ - Захват объектов завершен
ОТЛАДКА - Подключил вывод отладочного лога в отдельный файл C:/Users/daneliya.n/ProjConf/logs/lockrepo/logs_lockrepo.log
ОТЛАДКА - Заданы ПараметрыКоманды Да
ОТЛАДКА - ИспользоватьВременнуюБазу Нет
ОТЛАДКА - Разрядность платформы 1С указана %1
ИНФОРМАЦИЯ - Выполняю обновление конфигурации из хранилища
ИНФОРМАЦИЯ - ---- Начало операции с хранилищем конфигурации ----
Объект получен из хранилища: ОбщийМодуль.УстановкаЦенСервер
Объект получен из хранилища: Отчет.toledo_РасчетОборачиваемостиТоваров.Макет.ОсновнаяСхемаКомпоновкиДанных
Объект получен из хранилища: ОбщийМодуль.ПартнерыИКонтрагенты
---- Операция с хранилищем конфигурации завершена ----
Обновление конфигурации из хранилища успешно завершено

ИНФОРМАЦИЯ - Обновление конфигурации из хранилища завершено
ИНФОРМАЦИЯ - Выполняю захват объектов в хранилище
ИНФОРМАЦИЯ - Захват объектов завершен
ОТЛАДКА - Подключил вывод отладочного лога в отдельный файл C:/Users/daneliya.n/ProjConf/logs/lockrepo/logs_lockrepo.log
ОТЛАДКА - Заданы ПараметрыКоманды Да
ОТЛАДКА - ИспользоватьВременнуюБазу Нет
ОТЛАДКА - Разрядность платформы 1С указана %1
ИНФОРМАЦИЯ - Выполняю обновление конфигурации из хранилища
ИНФОРМАЦИЯ - ---- Начало операции с хранилищем конфигурации ----
Объект получен из хранилища: Отчет.toledo_ВаловаяПрибыльПС
Объект получен из хранилища: Справочник.УпаковкиЕдиницыИзмерения.Форма.ФормаЭлементаУпаковки
Объект получен из хранилища: ОбщийМодуль.toledo_РасчетЗаработнойПлатыСервер
---- Операция с хранилищем конфигурации завершена ----
Обновление конфигурации из хранилища успешно завершено

ИНФОРМАЦИЯ - Обновление конфигурации из хранилища завершено
ИНФОРМАЦИЯ - Выполняю захват объектов в хранилище
ИНФОРМАЦИЯ - Захват объектов завершен
ОТЛАДКА - Подключил вывод отладочного лога в отдельный файл C:/Users/daneliya.n/ProjConf/logs/lockrepo/logs_lockrepo.log
ОТЛАДКА - Заданы ПараметрыКоманды Да
ОТЛАДКА - ИспользоватьВременнуюБазу Нет
ОТЛАДКА - Разрядность платформы 1С указана %1
ИНФОРМАЦИЯ - Выполняю обновление конфигурации из хранилища
ИНФОРМАЦИЯ - ---- Начало операции с хранилищем конфигурации ----
Объект получен из хранилища: Обработка.toledo_РасчетДефицита.Макет.РасчетДефицита
Объект получен из хранилища: Обработка.LAD_ПодборТоваровВДокументПродажи.Форма.Форма
Объект получен из хранилища: Отчет.toledo_РасчетОборачиваемостиТоваров.Макет.ОсновнаяСхемаКомпоновкиДанных
Объект получен из хранилища: Отчет.toledo_ДлительностьКомплектацииМаршрутногоЛиста.Макет.ОсновнаяСхемаКомпоновкиДанных
Объект получен из хранилища: ОбщийМодуль.toledo_РасчетЗаработнойПлатыСервер
---- Операция с хранилищем конфигурации завершена ----
Обновление конфигурации из хранилища успешно завершено

ИНФОРМАЦИЯ - Обновление конфигурации из хранилища завершено
ИНФОРМАЦИЯ - Выполняю захват объектов в хранилище
ИНФОРМАЦИЯ - Захват объектов завершен
ОТЛАДКА - Подключил вывод отладочного лога в отдельный файл C:/Users/daneliya.n/ProjConf/logs/lockrepo/logs_lockrepo.log
ОТЛАДКА - Заданы ПараметрыКоманды Да
ОТЛАДКА - ИспользоватьВременнуюБазу Нет
ОТЛАДКА - Разрядность платформы 1С указана %1
ИНФОРМАЦИЯ - Выполняю обновление конфигурации из хранилища
ИНФОРМАЦИЯ - ---- Начало операции с хранилищем конфигурации ----
Объект получен из хранилища: Отчет.toledo_ВаловаяПрибыльПС
---- Операция с хранилищем конфигурации завершена ----
Обновление конфигурации из хранилища успешно завершено

ИНФОРМАЦИЯ - Обновление конфигурации из хранилища завершено
ИНФОРМАЦИЯ - Выполняю захват объектов в хранилище
ИНФОРМАЦИЯ - Захват объектов завершен
ОТЛАДКА - Подключил вывод отладочного лога в отдельный файл C:/Users/daneliya.n/ProjConf/logs/lockrepo/logs_lockrepo.log
ОТЛАДКА - Заданы ПараметрыКоманды Да
ОТЛАДКА - ИспользоватьВременнуюБазу Нет
ОТЛАДКА - Разрядность платформы 1С указана %1
ИНФОРМАЦИЯ - Выполняю обновление конфигурации из хранилища
ИНФОРМАЦИЯ - ---- Начало операции с хранилищем конфигурации ----
---- Операция с хранилищем конфигурации завершена ----
Обновление конфигурации из хранилища успешно завершено

ИНФОРМАЦИЯ - Обновление конфигурации из хранилища завершено
ИНФОРМАЦИЯ - Выполняю захват объектов в хранилище
ИНФОРМАЦИЯ - Захват объектов завершен
