ОТЛАДКА - Подключил вывод отладочного лога в отдельный файл C:/Users/daneliya.n/ProjConf/logs/loadrepo/logs_loadrepo.log
ОТЛАДКА - Заданы ПараметрыКоманды Да
ОТЛАДКА - ИспользоватьВременнуюБазу Нет
ОТЛАДКА - Разрядность платформы 1С указана %1
ИНФОРМАЦИЯ - Выполняю обновление конфигурации из хранилища
ИНФОРМАЦИЯ - Запуск системы выполнен без использования аппаратной лицензии (ключа защиты).
При этом поиск аппаратной лицензии выполнялся более 3 секунд. Использование аппаратной лицензии (ключа защиты) отключено.
Использование аппаратной лицензии может быть в дальнейшем включено в диалоге запуска: Настройка - Использовать аппаратную лицензию (ключ защиты).
---- Начало операции с хранилищем конфигурации ----
---- Операция с хранилищем конфигурации завершена ----
Обновление конфигурации из хранилища успешно завершено

ИНФОРМАЦИЯ - Обновление конфигурации из хранилища завершено
ОТЛАДКА - Подключил вывод отладочного лога в отдельный файл C:/Users/daneliya.n/ProjConf/logs/loadrepo/logs_loadrepo.log
ОТЛАДКА - Заданы ПараметрыКоманды Да
ОТЛАДКА - ИспользоватьВременнуюБазу Нет
ОТЛАДКА - Разрядность платформы 1С указана %1
ИНФОРМАЦИЯ - Выполняю обновление конфигурации из хранилища
ИНФОРМАЦИЯ - ---- Начало операции с хранилищем конфигурации ----
Объект получен из хранилища: Документ.toledo_Претензия.Форма.ФормаДокумента
Объект получен из хранилища: Документ.ЗаказПоставщику
Объект получен из хранилища: Документ.РеализацияТоваровУслуг
---- Операция с хранилищем конфигурации завершена ----
Обновление конфигурации из хранилища успешно завершено

ИНФОРМАЦИЯ - Обновление конфигурации из хранилища завершено
ОТЛАДКА - Подключил вывод отладочного лога в отдельный файл C:/Users/daneliya.n/ProjConf/logs/loadrepo/logs_loadrepo.log
ОТЛАДКА - Заданы ПараметрыКоманды Да
ОТЛАДКА - ИспользоватьВременнуюБазу Нет
ОТЛАДКА - Разрядность платформы 1С указана %1
ИНФОРМАЦИЯ - Выполняю обновление конфигурации из хранилища
ИНФОРМАЦИЯ - ---- Начало операции с хранилищем конфигурации ----
Объект получен из хранилища: ПодпискаНаСобытие.кшдРегистрацияНабора
Объект получен из хранилища: РегистрСведений.toledo_УсловияБесплатнойДоставкиПоставщиками
Объект получен из хранилища: ПланОбмена.кшдРегистрация
Объект получен из хранилища: Документ.ЗаказКлиента.Форма.ФормаДокумента
Объект получен из хранилища: Отчет.toledo_РасчетОборачиваемостиТоваров.Макет.ОсновнаяСхемаКомпоновкиДанных
Объект получен из хранилища: Документ.toledo_ПроектДоговора.Форма.ФормаДокумента
---- Операция с хранилищем конфигурации завершена ----
Обновление конфигурации из хранилища успешно завершено

ИНФОРМАЦИЯ - Обновление конфигурации из хранилища завершено
ОТЛАДКА - Подключил вывод отладочного лога в отдельный файл C:/Users/daneliya.n/ProjConf/logs/loadrepo/logs_loadrepo.log
ОТЛАДКА - Заданы ПараметрыКоманды Да
ОТЛАДКА - ИспользоватьВременнуюБазу Нет
ОТЛАДКА - Разрядность платформы 1С указана %1
ИНФОРМАЦИЯ - Выполняю обновление конфигурации из хранилища
ИНФОРМАЦИЯ - ---- Начало операции с хранилищем конфигурации ----
Объект получен из хранилища: Документ.ОперацияПоПлатежнойКарте
Объект получен из хранилища: Обработка.LAD_СозданиеПКО.Форма.Форма
---- Операция с хранилищем конфигурации завершена ----
Обновление конфигурации из хранилища успешно завершено

ИНФОРМАЦИЯ - Обновление конфигурации из хранилища завершено
ОТЛАДКА - Подключил вывод отладочного лога в отдельный файл C:/Users/daneliya.n/ProjConf/logs/loadrepo/logs_loadrepo.log
ОТЛАДКА - Заданы ПараметрыКоманды Да
ОТЛАДКА - ИспользоватьВременнуюБазу Нет
ОТЛАДКА - Разрядность платформы 1С указана %1
ИНФОРМАЦИЯ - Выполняю обновление конфигурации из хранилища
ИНФОРМАЦИЯ - ---- Начало операции с хранилищем конфигурации ----
Объект получен из хранилища: Документ.СборкаТоваров
---- Операция с хранилищем конфигурации завершена ----
Обновление конфигурации из хранилища успешно завершено

ИНФОРМАЦИЯ - Обновление конфигурации из хранилища завершено
