ОТЛАДКА - Подключил вывод отладочного лога в отдельный файл C:/Users/daneliya.n/ProjConf/logs/unloadrepo/logs_unloadrepo.log
ОТЛАДКА - Использован системный корневой путь проекта - <C:/ProgramData/Jenkins/.jenkins/workspace/UpdateJob>
ОТЛАДКА - Заданы ПараметрыКоманды Да
ОТЛАДКА - ИспользоватьВременнуюБазу Нет
ОТЛАДКА - Разрядность платформы 1С указана %1
ИНФОРМАЦИЯ - Выполняю выгрузку версии конфигурации из хранилища
ОШИБКА - Каталог не обнаружен 'Q:\CF_UPDATE_TEST_КА\razrab.cf'. 3(0x00000003): Системе не удается найти указанный путь. 
Ошибка выгрузки конфигурации из хранилища

КРИТИЧНАЯОШИБКА - {Модуль C:\Program Files\OneScript\lib\vanessa-runner\src\Классы\КомандаСохранитьВерсиюХранилищаВФайл.os / Ошибка в строке: 72 / {Модуль C:\Program Files\OneScript\lib\vanessa-runner\src\Классы\МенеджерКонфигуратора.os / Ошибка в строке: 913 / ВыгрузитьВерсиюХранилищаВФайл
{Модуль C:\Program Files\OneScript\lib\vanessa-runner\oscript_modules\v8runner\src\v8runner.os / Ошибка в строке: 1400 / Каталог не обнаружен 'Q:\CF_UPDATE_TEST_КА\razrab.cf'. 3(0x00000003): Системе не удается найти указанный путь. 
Ошибка выгрузки конфигурации из хранилища
}    
		ВызватьИсключение ВыводКоманды();}    
			ВызватьИсключение ТекущаяПроцедура + "}
ОТЛАДКА - Подключил вывод отладочного лога в отдельный файл C:/Users/daneliya.n/ProjConf/logs/unloadrepo/logs_unloadrepo.log
ОТЛАДКА - Использован системный корневой путь проекта - <C:/ProgramData/Jenkins/.jenkins/workspace/UpdateJob>
ОТЛАДКА - Заданы ПараметрыКоманды Да
ОТЛАДКА - ИспользоватьВременнуюБазу Нет
ОТЛАДКА - Разрядность платформы 1С указана %1
ИНФОРМАЦИЯ - Выполняю выгрузку версии конфигурации из хранилища
ОШИБКА - Каталог не обнаружен 'Q:\CF_UPDATE_TEST_КА\razrab.cf'. 3(0x00000003): Системе не удается найти указанный путь. 
Ошибка выгрузки конфигурации из хранилища

КРИТИЧНАЯОШИБКА - {Модуль C:\Program Files\OneScript\lib\vanessa-runner\src\Классы\КомандаСохранитьВерсиюХранилищаВФайл.os / Ошибка в строке: 72 / {Модуль C:\Program Files\OneScript\lib\vanessa-runner\src\Классы\МенеджерКонфигуратора.os / Ошибка в строке: 913 / ВыгрузитьВерсиюХранилищаВФайл
{Модуль C:\Program Files\OneScript\lib\vanessa-runner\oscript_modules\v8runner\src\v8runner.os / Ошибка в строке: 1400 / Каталог не обнаружен 'Q:\CF_UPDATE_TEST_КА\razrab.cf'. 3(0x00000003): Системе не удается найти указанный путь. 
Ошибка выгрузки конфигурации из хранилища
}    
		ВызватьИсключение ВыводКоманды();}    
			ВызватьИсключение ТекущаяПроцедура + "}
ОТЛАДКА - Подключил вывод отладочного лога в отдельный файл C:/Users/daneliya.n/ProjConf/logs/unloadrepo/logs_unloadrepo.log
ОТЛАДКА - Использован системный корневой путь проекта - <C:/ProgramData/Jenkins/.jenkins/workspace/UpdateJob>
ОТЛАДКА - Нашли абсолютный путь проекта - <C:/ProgramData/Jenkins/.jenkins/workspace/UpdateJob\.\razrab.cf>
ОТЛАДКА - Заданы ПараметрыКоманды Да
ОТЛАДКА - ИспользоватьВременнуюБазу Нет
ОТЛАДКА - Разрядность платформы 1С указана %1
ИНФОРМАЦИЯ - Выполняю выгрузку версии конфигурации из хранилища
ИНФОРМАЦИЯ - Выгрузка конфигурации из хранилища завершена
ОТЛАДКА - Подключил вывод отладочного лога в отдельный файл C:/Users/daneliya.n/ProjConf/logs/unloadrepo/logs_unloadrepo.log
ОТЛАДКА - Использован системный корневой путь проекта - <C:/Users/daneliya.n/ProjConf>
ОТЛАДКА - Заданы ПараметрыКоманды Да
ОТЛАДКА - ИспользоватьВременнуюБазу Нет
ОТЛАДКА - Разрядность платформы 1С указана %1
ИНФОРМАЦИЯ - Выполняю выгрузку версии конфигурации из хранилища
ИНФОРМАЦИЯ - Выгрузка конфигурации из хранилища завершена
ОТЛАДКА - Подключил вывод отладочного лога в отдельный файл C:/Users/daneliya.n/ProjConf/logs/unloadrepo/logs_unloadrepo.log
ОТЛАДКА - Использован системный корневой путь проекта - <C:/Users/daneliya.n/ProjConf>
ОТЛАДКА - Заданы ПараметрыКоманды Да
ОТЛАДКА - ИспользоватьВременнуюБазу Нет
ОТЛАДКА - Разрядность платформы 1С указана %1
ИНФОРМАЦИЯ - Выполняю выгрузку версии конфигурации из хранилища
ИНФОРМАЦИЯ - Выгрузка конфигурации из хранилища завершена
ОТЛАДКА - Подключил вывод отладочного лога в отдельный файл C:/Users/daneliya.n/ProjConf/logs/unloadrepo/logs_unloadrepo.log
ОТЛАДКА - Использован системный корневой путь проекта - <C:/Users/daneliya.n/ProjConf>
ОТЛАДКА - Заданы ПараметрыКоманды Да
ОТЛАДКА - ИспользоватьВременнуюБазу Нет
ОТЛАДКА - Разрядность платформы 1С указана %1
ИНФОРМАЦИЯ - Выполняю выгрузку версии конфигурации из хранилища
ИНФОРМАЦИЯ - Выгрузка конфигурации из хранилища завершена
ОТЛАДКА - Подключил вывод отладочного лога в отдельный файл C:/Users/daneliya.n/ProjConf/logs/unloadrepo/logs_unloadrepo.log
ОТЛАДКА - Использован системный корневой путь проекта - <C:/Users/daneliya.n/ProjConf>
ОТЛАДКА - Заданы ПараметрыКоманды Да
ОТЛАДКА - ИспользоватьВременнуюБазу Нет
ОТЛАДКА - Разрядность платформы 1С указана %1
ИНФОРМАЦИЯ - Выполняю выгрузку версии конфигурации из хранилища
ИНФОРМАЦИЯ - Выгрузка конфигурации из хранилища завершена
